# JRE version: Java(TM) SE Runtime Environment (8.0_111-b14) (build 1.8.0_111-b14)
# Java VM: Java HotSpot(TM) 64-Bit Server VM (25.111-b14 mixed mode bsd-amd64 compressed oops)
Heap:
 PSYoungGen      total 70144K, used 0K [0x000000076ab00000, 0x000000076fe80000, 0x00000007c0000000)
  eden space 55296K, 0% used [0x000000076ab00000,0x000000076ab00020,0x000000076e100000)
  from space 14848K, 0% used [0x000000076e100000,0x000000076e100000,0x000000076ef80000)
  to   space 14336K, 0% used [0x000000076f080000,0x000000076f080000,0x000000076fe80000)
 ParOldGen       total 175104K, used 12162K [0x00000006c0000000, 0x00000006cab00000, 0x000000076ab00000)
  object space 175104K, 6% used [0x00000006c0000000,0x00000006c0be0b48,0x00000006cab00000)
 Metaspace       used 25805K, capacity 26502K, committed 27392K, reserved 1073152K
  class space    used 3131K, capacity 3312K, committed 3584K, reserved 1048576K
GC Heap History (10 events):
Event: 3430.017 GC heap before
{Heap before GC invocations=308 (full 149):
 PSYoungGen      total 70144K, used 64K [0x000000076ab00000, 0x000000076fc80000, 0x00000007c0000000)
  eden space 56320K, 0% used [0x000000076ab00000,0x000000076ab00000,0x000000076e200000)
  from space 13824K, 0% used [0x000000076e200000,0x000000076e210000,0x000000076ef80000)
  to   space 13312K, 0% used [0x000000076ef80000,0x000000076ef80000,0x000000076fc80000)
 ParOldGen       total 175104K, used 20334K [0x00000006c0000000, 0x00000006cab00000, 0x000000076ab00000)
  object space 175104K, 11% used [0x00000006c0000000,0x00000006c13dbae8,0x00000006cab00000)
 Metaspace       used 25829K, capacity 26582K, committed 27008K, reserved 1073152K
  class space    used 3139K, capacity 3314K, committed 3456K, reserved 1048576K
Event: 3430.041 GC heap after
Heap after GC invocations=308 (full 149):
 PSYoungGen      total 70144K, used 0K [0x000000076ab00000, 0x000000076fc80000, 0x00000007c0000000)
  eden space 56320K, 0% used [0x000000076ab00000,0x000000076ab00000,0x000000076e200000)
  from space 13824K, 0% used [0x000000076e200000,0x000000076e200000,0x000000076ef80000)
  to   space 13312K, 0% used [0x000000076ef80000,0x000000076ef80000,0x000000076fc80000)
 ParOldGen       total 175104K, used 20314K [0x00000006c0000000, 0x00000006cab00000, 0x000000076ab00000)
  object space 175104K, 11% used [0x00000006c0000000,0x00000006c13d68c0,0x00000006cab00000)
 Metaspace       used 25829K, capacity 26582K, committed 27008K, reserved 1073152K
  class space    used 3139K, capacity 3314K, committed 3456K, reserved 1048576K
}
Event: 7030.043 GC heap before
{Heap before GC invocations=309 (full 149):
 PSYoungGen      total 70144K, used 35158K [0x000000076ab00000, 0x000000076fc80000, 0x00000007c0000000)
  eden space 56320K, 62% used [0x000000076ab00000,0x000000076cd55a40,0x000000076e200000)
  from space 13824K, 0% used [0x000000076e200000,0x000000076e200000,0x000000076ef80000)
  to   space 13312K, 0% used [0x000000076ef80000,0x000000076ef80000,0x000000076fc80000)
 ParOldGen       total 175104K, used 20314K [0x00000006c0000000, 0x00000006cab00000, 0x000000076ab00000)
  object space 175104K, 11% used [0x00000006c0000000,0x00000006c13d68c0,0x00000006cab00000)
 Metaspace       used 25888K, capacity 26678K, committed 27392K, reserved 1073152K
  class space    used 3149K, capacity 3346K, committed 3584K, reserved 1048576K
Event: 7030.064 GC heap after
Heap after GC invocations=309 (full 149):
 PSYoungGen      total 68608K, used 9802K [0x000000076ab00000, 0x000000076ff80000, 0x00000007c0000000)
  eden space 55296K, 0% used [0x000000076ab00000,0x000000076ab00000,0x000000076e100000)
  from space 13312K, 73% used [0x000000076ef80000,0x000000076f912a10,0x000000076fc80000)
  to   space 14848K, 0% used [0x000000076e100000,0x000000076e100000,0x000000076ef80000)
 ParOldGen       total 175104K, used 20322K [0x00000006c0000000, 0x00000006cab00000, 0x000000076ab00000)
  object space 175104K, 11% used [0x00000006c0000000,0x00000006c13d88c0,0x00000006cab00000)
 Metaspace       used 25888K, capacity 26678K, committed 27392K, reserved 1073152K
  class space    used 3149K, capacity 3346K, committed 3584K, reserved 1048576K
}
Event: 7030.064 GC heap before
{Heap before GC invocations=310 (full 150):
 PSYoungGen      total 68608K, used 9802K [0x000000076ab00000, 0x000000076ff80000, 0x00000007c0000000)
  eden space 55296K, 0% used [0x000000076ab00000,0x000000076ab00000,0x000000076e100000)
  from space 13312K, 73% used [0x000000076ef80000,0x000000076f912a10,0x000000076fc80000)
  to   space 14848K, 0% used [0x000000076e100000,0x000000076e100000,0x000000076ef80000)
 ParOldGen       total 175104K, used 20322K [0x00000006c0000000, 0x00000006cab00000, 0x000000076ab00000)
  object space 175104K, 11% used [0x00000006c0000000,0x00000006c13d88c0,0x00000006cab00000)
 Metaspace       used 25888K, capacity 26678K, committed 27392K, reserved 1073152K
  class space    used 3149K, capacity 3346K, committed 3584K, reserved 1048576K
Event: 7030.187 GC heap after
Heap after GC invocations=310 (full 150):
 PSYoungGen      total 68608K, used 0K [0x000000076ab00000, 0x000000076ff80000, 0x00000007c0000000)
  eden space 55296K, 0% used [0x000000076ab00000,0x000000076ab00000,0x000000076e100000)
  from space 13312K, 0% used [0x000000076ef80000,0x000000076ef80000,0x000000076fc80000)
  to   space 14848K, 0% used [0x000000076e100000,0x000000076e100000,0x000000076ef80000)
 ParOldGen       total 175104K, used 19750K [0x00000006c0000000, 0x00000006cab00000, 0x000000076ab00000)
  object space 175104K, 11% used [0x00000006c0000000,0x00000006c1349b30,0x00000006cab00000)
 Metaspace       used 25792K, capacity 26526K, committed 27392K, reserved 1073152K
  class space    used 3132K, capacity 3316K, committed 3584K, reserved 1048576K
}
Event: 10630.192 GC heap before
{Heap before GC invocations=311 (full 150):
 PSYoungGen      total 68608K, used 49149K [0x000000076ab00000, 0x000000076ff80000, 0x00000007c0000000)
  eden space 55296K, 88% used [0x000000076ab00000,0x000000076daff400,0x000000076e100000)
  from space 13312K, 0% used [0x000000076ef80000,0x000000076ef80000,0x000000076fc80000)
  to   space 14848K, 0% used [0x000000076e100000,0x000000076e100000,0x000000076ef80000)
 ParOldGen       total 175104K, used 19750K [0x00000006c0000000, 0x00000006cab00000, 0x000000076ab00000)
  object space 175104K, 11% used [0x00000006c0000000,0x00000006c1349b30,0x00000006cab00000)
 Metaspace       used 25821K, capacity 26526K, committed 27392K, reserved 1073152K
  class space    used 3133K, capacity 3316K, committed 3584K, reserved 1048576K
Event: 10630.195 GC heap after
Heap after GC invocations=311 (full 150):
 PSYoungGen      total 70144K, used 160K [0x000000076ab00000, 0x000000076fe80000, 0x00000007c0000000)
  eden space 55296K, 0% used [0x000000076ab00000,0x000000076ab00000,0x000000076e100000)
  from space 14848K, 1% used [0x000000076e100000,0x000000076e128000,0x000000076ef80000)
  to   space 14336K, 0% used [0x000000076f080000,0x000000076f080000,0x000000076fe80000)
 ParOldGen       total 175104K, used 19758K [0x00000006c0000000, 0x00000006cab00000, 0x000000076ab00000)
  object space 175104K, 11% used [0x00000006c0000000,0x00000006c134bb30,0x00000006cab00000)
 Metaspace       used 25821K, capacity 26526K, committed 27392K, reserved 1073152K
  class space    used 3133K, capacity 3316K, committed 3584K, reserved 1048576K
}
Event: 10630.195 GC heap before
{Heap before GC invocations=312 (full 151):
 PSYoungGen      total 70144K, used 160K [0x000000076ab00000, 0x000000076fe80000, 0x00000007c0000000)
  eden space 55296K, 0% used [0x000000076ab00000,0x000000076ab00000,0x000000076e100000)
  from space 14848K, 1% used [0x000000076e100000,0x000000076e128000,0x000000076ef80000)
  to   space 14336K, 0% used [0x000000076f080000,0x000000076f080000,0x000000076fe80000)
 ParOldGen       total 175104K, used 19758K [0x00000006c0000000, 0x00000006cab00000, 0x000000076ab00000)
  object space 175104K, 11% used [0x00000006c0000000,0x00000006c134bb30,0x00000006cab00000)
 Metaspace       used 25821K, capacity 26526K, committed 27392K, reserved 1073152K
  class space    used 3133K, capacity 3316K, committed 3584K, reserved 1048576K
Event: 10630.262 GC heap after
Heap after GC invocations=312 (full 151):
 PSYoungGen      total 70144K, used 0K [0x000000076ab00000, 0x000000076fe80000, 0x00000007c0000000)
  eden space 55296K, 0% used [0x000000076ab00000,0x000000076ab00000,0x000000076e100000)
  from space 14848K, 0% used [0x000000076e100000,0x000000076e100000,0x000000076ef80000)
  to   space 14336K, 0% used [0x000000076f080000,0x000000076f080000,0x000000076fe80000)
 ParOldGen       total 175104K, used 12162K [0x00000006c0000000, 0x00000006cab00000, 0x000000076ab00000)
  object space 175104K, 6% used [0x00000006c0000000,0x00000006c0be0b48,0x00000006cab00000)
 Metaspace       used 25805K, capacity 26502K, committed 27392K, reserved 1073152K
  class space    used 3131K, capacity 3312K, committed 3584K, reserved 1048576K
}

